<?xml version="1.0" encoding="UTF-8"?>
<testsuite xmlns:xsi="http://www.w3.org/2001/XMLSchema-instance" xsi:noNamespaceSchemaLocation="https://maven.apache.org/surefire/maven-surefire-plugin/xsd/surefire-test-report.xsd" name="com.smockin.mockserver.service.HttpProxyServiceTest" time="6.033" tests="3" errors="0" skipped="0" failures="0">
  <properties>
[...]
</properties>
  <testcase name="proxyConcurrency_indefiniteWait_Test" classname="com.smockin.mockserver.service.HttpProxyServiceTest" time="3.015"/>
  <testcase name="proxyConcurrency_itemAlreadyInQueue_Test" classname="com.smockin.mockserver.service.HttpProxyServiceTest" time="0.009"/>
  <testcase name="proxyConcurrency_timeoutWait_Test" classname="com.smockin.mockserver.service.HttpProxyServiceTest" time="3.009"/>
</testsuite>